<?xml version="1.0" encoding="UTF-8"?>
<!-- Generated by org.testng.reporters.JUnitXMLReporter -->
<testsuite ignored="0" hostname="DESKTOP-1ND20L4" failures="0" tests="3" name="Default test" time="0.113" errors="0" timestamp="2024-08-07T21:16:26 PDT">
  <testcase classname="TestNG.DataProvidersTest" name="bookTicketTest" time="0.011"/>
  <testcase classname="TestNG.DataProvidersTest" name="bookTicketTest" time="0.003"/>
  <testcase classname="TestNG.DataProvidersTest" name="bookTicketTest" time="0.003"/>
</testsuite> <!-- Default test -->
