<?xml version="1.0" encoding="UTF-8"?>
<testng-results ignored="0" total="3" passed="3" failed="0" skipped="0">
  <reporter-output>
  </reporter-output>
  <suite started-at="2024-08-07T21:16:26 PDT" name="Default suite" finished-at="2024-08-07T21:16:26 PDT" duration-ms="113">
    <groups>
    </groups>
    <test started-at="2024-08-07T21:16:26 PDT" name="Default test" finished-at="2024-08-07T21:16:26 PDT" duration-ms="113">
      <class name="TestNG.DataProvidersTest">
        <test-method signature="bookTicketTest(java.lang.String,java.lang.String)[pri:0, instance:TestNG.DataProvidersTest@18d87d80]" started-at="2024-08-07T21:16:26 PDT" name="bookTicketTest" data-provider="data" finished-at="2024-08-07T21:16:26 PDT" duration-ms="11" status="PASS">
          <params>
            <param index="0">
              <value>
                <![CDATA[hyd]]>
              </value>
            </param>
            <param index="1">
              <value>
                <![CDATA[chennai]]>
              </value>
            </param>
          </params>
          <reporter-output>
          </reporter-output>
        </test-method> <!-- bookTicketTest -->
        <test-method signature="bookTicketTest(java.lang.String,java.lang.String)[pri:0, instance:TestNG.DataProvidersTest@18d87d80]" started-at="2024-08-07T21:16:26 PDT" name="bookTicketTest" data-provider="data" finished-at="2024-08-07T21:16:26 PDT" duration-ms="3" status="PASS">
          <params>
            <param index="0">
              <value>
                <![CDATA[hyd]]>
              </value>
            </param>
            <param index="1">
              <value>
                <![CDATA[Delhi]]>
              </value>
            </param>
          </params>
          <reporter-output>
          </reporter-output>
        </test-method> <!-- bookTicketTest -->
        <test-method signature="bookTicketTest(java.lang.String,java.lang.String)[pri:0, instance:TestNG.DataProvidersTest@18d87d80]" started-at="2024-08-07T21:16:26 PDT" name="bookTicketTest" data-provider="data" finished-at="2024-08-07T21:16:26 PDT" duration-ms="3" status="PASS">
          <params>
            <param index="0">
              <value>
                <![CDATA[hyd]]>
              </value>
            </param>
            <param index="1">
              <value>
                <![CDATA[Bangalore]]>
              </value>
            </param>
          </params>
          <reporter-output>
          </reporter-output>
        </test-method> <!-- bookTicketTest -->
      </class> <!-- TestNG.DataProvidersTest -->
    </test> <!-- Default test -->
  </suite> <!-- Default suite -->
</testng-results>
